<?xml version="1.0" encoding="UTF-8"?>
<!-- Generated by org.testng.reporters.JUnitReportReporter -->
<testsuite hostname="DESKTOP-JH4MHNO" failures="0" tests="3" name="hmsadmin.financeincometest" time="75.927" errors="0" timestamp="2023-05-09T15:05:55 IST" skipped="0">
  <testcase classname="hmsadmin.financeincometest" name="financeincomedetail" time="24.672"/>
  <system-out/>
  <testcase classname="hmsadmin.financeincometest" name="financeincomedetail" time="24.845"/>
  <system-out/>
  <testcase classname="hmsadmin.financeincometest" name="financeincomedetail" time="26.410"/>
  <system-out/>
</testsuite> <!-- hmsadmin.financeincometest -->
