<?xml version="1.0" encoding="UTF-8"?>
<!-- Generated by org.testng.reporters.JUnitReportReporter -->
<testsuite hostname="DESKTOP-JH4MHNO" failures="0" tests="1" name="hmsadmin.sampletest" time="5.647" errors="0" timestamp="2023-04-26T17:05:05 IST" skipped="0">
  <testcase classname="hmsadmin.sampletest" name="f" time="5.647"/>
  <system-out/>
</testsuite> <!-- hmsadmin.sampletest -->
