<?xml version="1.0" encoding="UTF-8"?>
<!-- Generated by org.testng.reporters.JUnitReportReporter -->
<testsuite hostname="DESKTOP-JH4MHNO" failures="0" tests="3" name="hmsadmin.postaldispatchtest" time="104.488" errors="0" timestamp="2023-05-30T15:12:32 IST" skipped="0">
  <testcase classname="hmsadmin.postaldispatchtest" name="getdispatchdetail" time="34.984"/>
  <system-out/>
  <testcase classname="hmsadmin.postaldispatchtest" name="getdispatchdetail" time="38.488"/>
  <system-out/>
  <testcase classname="hmsadmin.postaldispatchtest" name="getdispatchdetail" time="31.016"/>
  <system-out/>
</testsuite> <!-- hmsadmin.postaldispatchtest -->
