<?xml version="1.0" encoding="UTF-8"?>
<!-- Generated by org.testng.reporters.JUnitReportReporter -->
<testsuite hostname="DESKTOP-JH4MHNO" failures="0" tests="1" name="hmsadmin.LoginTest" time="21.474" errors="0" timestamp="2023-06-14T11:33:13 IST" skipped="0">
  <testcase classname="hmsadmin.LoginTest" name="Loginhmstest" time="21.474"/>
  <system-out/>
</testsuite> <!-- hmsadmin.LoginTest -->
