<?xml version="1.0" encoding="UTF-8"?>
<!-- Generated by org.testng.reporters.JUnitReportReporter -->
<testsuite hostname="DESKTOP-JH4MHNO" failures="0" tests="3" name="hmsadmin.pharmacytest" time="88.478" errors="0" timestamp="2023-05-22T16:03:23 IST" skipped="0">
  <testcase classname="hmsadmin.pharmacytest" name="getphardetails" time="27.224"/>
  <system-out/>
  <testcase classname="hmsadmin.pharmacytest" name="getphardetails" time="29.797"/>
  <system-out/>
  <testcase classname="hmsadmin.pharmacytest" name="getphardetails" time="31.457"/>
  <system-out/>
</testsuite> <!-- hmsadmin.pharmacytest -->
