<?xml version="1.0" encoding="UTF-8"?>
<!-- Generated by org.testng.reporters.JUnitReportReporter -->
<testsuite hostname="DESKTOP-JH4MHNO" failures="0" tests="3" name="hmsadmin.complaintest" time="104.578" errors="0" timestamp="2023-06-08T12:52:40 IST" skipped="0">
  <testcase classname="hmsadmin.complaintest" name="getcomplainexceldetail" time="39.400"/>
  <system-out/>
  <testcase classname="hmsadmin.complaintest" name="getcomplainexceldetail" time="33.530"/>
  <system-out/>
  <testcase classname="hmsadmin.complaintest" name="getcomplainexceldetail" time="31.648"/>
  <system-out/>
</testsuite> <!-- hmsadmin.complaintest -->
