<?xml version="1.0" encoding="UTF-8"?>
<!-- Generated by org.testng.reporters.JUnitReportReporter -->
<testsuite hostname="DESKTOP-JH4MHNO" failures="0" tests="1" name="hmsadmin.frontofficetest" time="25.572" errors="0" timestamp="2023-06-14T11:33:13 IST" skipped="0">
  <testcase classname="hmsadmin.frontofficetest" name="hmsfrontoffice" time="25.572"/>
  <system-out/>
</testsuite> <!-- hmsadmin.frontofficetest -->
