<?xml version="1.0" encoding="UTF-8"?>
<!-- Generated by org.testng.reporters.JUnitReportReporter -->
<testsuite hostname="DESKTOP-JH4MHNO" failures="0" tests="1" name="hmsadmin.operationtest" time="27.052" errors="0" timestamp="2023-06-06T12:53:21 IST" skipped="0">
  <testcase classname="hmsadmin.operationtest" name="getpatientdetails" time="27.052"/>
  <system-out/>
</testsuite> <!-- hmsadmin.operationtest -->
